<?xml version="1.0" encoding="UTF-8"?>
<!-- Generated by org.testng.reporters.JUnitReportReporter -->
<testsuite skipped="0" hostname="LAPTOP-FD4LTNOM" name="WindowSwitch.FrameAssignment.FrameHandling" tests="1" failures="0" timestamp="19 Mar 2019 17:13:18 GMT" time="29.608" errors="0">
  <testcase name="Frame1" time="29.608" classname="WindowSwitch.FrameAssignment.FrameHandling"/>
</testsuite> <!-- WindowSwitch.FrameAssignment.FrameHandling -->
