<?xml version="1.0" encoding="UTF-8"?>
<!-- Generated by org.testng.reporters.JUnitReportReporter -->
<testsuite skipped="0" hostname="LAPTOP-FD4LTNOM" name="Scripts.GetValueAssignment5" tests="1" failures="0" timestamp="09 Mar 2019 20:35:37 GMT" time="55.714" errors="0">
  <testcase name="TestingForm" time="55.714" classname="Scripts.GetValueAssignment5"/>
</testsuite> <!-- Scripts.GetValueAssignment5 -->
