<?xml version="1.0" encoding="UTF-8"?>
<!-- Generated by org.testng.reporters.JUnitReportReporter -->
<testsuite skipped="0" hostname="LAPTOP-FD4LTNOM" name="Scripts.WebElementMethods" tests="1" failures="0" timestamp="08 Mar 2019 19:38:27 GMT" time="22.913" errors="0">
  <testcase name="WebElementM" time="22.913" classname="Scripts.WebElementMethods"/>
</testsuite> <!-- Scripts.WebElementMethods -->
