<?xml version="1.0" encoding="UTF-8"?>
<!-- Generated by org.testng.reporters.JUnitReportReporter -->
<testsuite skipped="0" hostname="LAPTOP-FD4LTNOM" name="WindowSwitch.AlertAssignment" tests="2" failures="0" timestamp="23 Mar 2019 06:47:00 GMT" time="68.812" errors="0">
  <testcase name="NewAlert" time="40.943" classname="WindowSwitch.AlertAssignment"/>
  <testcase name="MultiAlert" time="27.869" classname="WindowSwitch.AlertAssignment"/>
</testsuite> <!-- WindowSwitch.AlertAssignment -->
