<?xml version="1.0" encoding="UTF-8"?>
<!-- Generated by org.testng.reporters.JUnitReportReporter -->
<testsuite skipped="0" hostname="LAPTOP-FD4LTNOM" name="Scripts.NevigationMethods" tests="1" failures="0" timestamp="08 Mar 2019 19:04:59 GMT" time="25.966" errors="0">
  <testcase name="NevigateMethods1" time="25.966" classname="Scripts.NevigationMethods"/>
</testsuite> <!-- Scripts.NevigationMethods -->
