<?xml version="1.0" encoding="UTF-8"?>
<!-- Generated by org.testng.reporters.JUnitReportReporter -->
<testsuite skipped="0" hostname="LAPTOP-FD4LTNOM" name="Scripts.NevigateMethodAssignment" tests="1" failures="0" timestamp="09 Mar 2019 07:09:48 GMT" time="59.430" errors="0">
  <testcase name="NavigateMethod" time="59.430" classname="Scripts.NevigateMethodAssignment"/>
</testsuite> <!-- Scripts.NevigateMethodAssignment -->
