<?xml version="1.0" encoding="UTF-8"?>
<!-- Generated by org.testng.reporters.JUnitReportReporter -->
<testsuite skipped="0" hostname="LAPTOP-FD4LTNOM" name="WindowSwitch.WebTablesOperation" tests="1" failures="0" timestamp="15 Mar 2019 17:12:15 GMT" time="50.372" errors="0">
  <testcase name="WebTables" time="50.372" classname="WindowSwitch.WebTablesOperation"/>
</testsuite> <!-- WindowSwitch.WebTablesOperation -->
