<?xml version="1.0" encoding="UTF-8"?>
<!-- Generated by org.testng.reporters.JUnitReportReporter -->
<testsuite skipped="0" hostname="LAPTOP-FD4LTNOM" name="MultipleWindowAssignment.MultipleWindow" tests="1" failures="0" timestamp="30 Mar 2019 19:56:53 GMT" time="14.719" errors="0">
  <testcase name="MultipleWind" time="14.719" classname="MultipleWindowAssignment.MultipleWindow"/>
</testsuite> <!-- MultipleWindowAssignment.MultipleWindow -->
