<?xml version="1.0" encoding="UTF-8"?>
<!-- Generated by org.testng.reporters.JUnitReportReporter -->
<testsuite skipped="0" hostname="LAPTOP-FD4LTNOM" name="Scripts.TestNG.TestNGConfig2" tests="4" failures="0" timestamp="30 Mar 2019 19:41:39 GMT" time="0.011" errors="0">
  <testcase name="Test1" time="0.004" classname="Scripts.TestNG.TestNGConfig2"/>
  <testcase name="Test2" time="0.001" classname="Scripts.TestNG.TestNGConfig2"/>
  <testcase name="Test2" time="0.004" classname="Scripts.TestNG.TestNGConfig2"/>
  <testcase name="Test1" time="0.002" classname="Scripts.TestNG.TestNGConfig2"/>
</testsuite> <!-- Scripts.TestNG.TestNGConfig2 -->
