<?xml version="1.0" encoding="UTF-8"?>
<!-- Generated by org.testng.reporters.JUnitReportReporter -->
<testsuite skipped="0" hostname="LAPTOP-FD4LTNOM" name="WindowSwitch.NewTabAssignment" tests="1" failures="0" timestamp="02 Apr 2019 03:07:38 GMT" time="131.715" errors="0">
  <testcase name="TabOpen" time="131.715" classname="WindowSwitch.NewTabAssignment"/>
</testsuite> <!-- WindowSwitch.NewTabAssignment -->
