<?xml version="1.0" encoding="UTF-8"?>
<!-- Generated by org.testng.reporters.JUnitReportReporter -->
<testsuite skipped="0" hostname="LAPTOP-FD4LTNOM" name="WindowSwitch.WaitMethodTest" tests="1" failures="0" timestamp="02 Apr 2019 03:09:11 GMT" time="13.363" errors="0">
  <testcase name="Wait22" time="13.363" classname="WindowSwitch.WaitMethodTest"/>
</testsuite> <!-- WindowSwitch.WaitMethodTest -->
